 - - [20/Feb/2021:20:17:46 +0000] "GET / HTTP/1.1" 301 178 "https://t.co/aSMavOrYBf" "Mozilla/5.0 (Linux; Android 11; SM-G780F) AppleWebKit/537.36 (KHTML, like Gecko) Chrome/88.0.4324.181 Mobile Safari/537.36"
 - - [20/Feb/2021:20:17:46 +0000] "GET / HTTP/1.1" 301 178 "https://t.co/aSMavOrYBf" "Mozilla/5.0 (Linux; Android 11; SM-G780F) AppleWebKit/537.36 (KHTML, like Gecko) Chrome/88.0.4324.181 Mobile Safari/537.36"
 - - [20/Feb/2021:20:17:55 +0000] "GET /bXltZWdhc3VwZXJwYXNz HTTP/1.1" 200 293 "-" "Mozilla/5.0 (Macintosh; Intel Mac OS X 10_15_4) AppleWebKit/537.36 (KHTML, like Gecko) Chrome/88.0.4324.150 Safari/537.36"
 - - [20/Feb/2021:20:20:17 +0000] "GET / HTTP/1.1" 301 178 "https://t.co/aSMavOrYBf?amp=1" "Mozilla/5.0 (Macintosh; Intel Mac OS X 10_15_6) AppleWebKit/605.1.15 (KHTML, like Gecko) Version/14.0.3 Safari/605.1.15"
 - - [20/Feb/2021:20:20:17 +0000] "GET / HTTP/1.1" 301 178 "https://t.co/aSMavOrYBf?amp=1" "Mozilla/5.0 (Macintosh; Intel Mac OS X 10_15_6) AppleWebKit/605.1.15 (KHTML, like Gecko) Version/14.0.3 Safari/605.1.15"
 - - [20/Feb/2021:20:21:05 +0000] "GET / HTTP/1.1" 301 178 "https://t.co/aSMavOrYBf?amp=1" "Mozilla/5.0 (Macintosh; Intel Mac OS X 11_1_0) AppleWebKit/537.36 (KHTML, like Gecko) Chrome/88.0.4324.150 Safari/537.36"
 - - [20/Feb/2021:20:21:06 +0000] "GET / HTTP/1.1" 301 178 "https://t.co/aSMavOrYBf?amp=1" "Mozilla/5.0 (Macintosh; Intel Mac OS X 11_1_0) AppleWebKit/537.36 (KHTML, like Gecko) Chrome/88.0.4324.150 Safari/537.36"
 - - [20/Feb/2021:20:21:33 +0000] "GET / HTTP/1.1" 301 178 "-" "Mozilla/5.0 (Windows NT 10.0; Win64; x64) AppleWebKit/537.36 (KHTML, like Gecko) Chrome/88.0.4324.150 Safari/537.36"
 - - [20/Feb/2021:20:21:44 +0000] "GET / HTTP/1.1" 301 178 "-" "Mozilla/5.0 (Windows NT 10.0; Win64; x64) AppleWebKit/537.36 (KHTML, like Gecko) Chrome/88.0.4324.150 Safari/537.36"
 - - [20/Feb/2021:20:08:40 +0000] "GET / HTTP/1.1" 301 178 "https://t.co/aSMavOrYBf" "Mozilla/5.0 (Linux; Android 7.0; Redmi Note 4) AppleWebKit/537.36 (KHTML, like Gecko) Chrome/88.0.4324.181 Mobile Safari/537.36"
 - - [20/Feb/2021:20:08:46 +0000] "GET / HTTP/1.1" 301 178 "https://t.co/aSMavOrYBf?amp=1" "Mozilla/5.0 (Linux; Android 9; MI 6) AppleWebKit/537.36 (KHTML, like Gecko) Chrome/88.0.4324.181 Mobile Safari/537.36"
 - - [20/Feb/2021:20:08:46 +0000] "GET / HTTP/1.1" 301 178 "https://t.co/aSMavOrYBf?amp=1" "Mozilla/5.0 (Linux; Android 9; MI 6) AppleWebKit/537.36 (KHTML, like Gecko) Chrome/88.0.4324.181 Mobile Safari/537.36"
 - - [20/Feb/2021:20:15:02 +0000] "GET / HTTP/1.1" 401 590 "-" "Mozilla/5.0 (Linux; Android 6.0.1; Nexus 5X Build/MMB29P) AppleWebKit/537.36 (KHTML, like Gecko) Chrome/88.0.4324.153 Mobile Safari/537.36 (compatible; Googlebot/2.1; +http://www.google.com/bot.html)"
 - - [20/Feb/2021:20:15:36 +0000] "GET / HTTP/1.1" 301 178 "-" "Mozilla/5.0 (Macintosh; Intel Mac OS X 10_15_6) AppleWebKit/605.1.15 (KHTML, like Gecko) Version/14.0.3 Safari/605.1.15"
 - - [20/Feb/2021:20:15:36 +0000] "GET / HTTP/1.1" 401 188 "-" "Mozilla/5.0 (Macintosh; Intel Mac OS X 10_15_6) AppleWebKit/605.1.15 (KHTML, like Gecko) Version/14.0.3 Safari/605.1.15"
 - - [20/Feb/2021:20:15:36 +0000] "GET / HTTP/1.1" 401 188 "-" "Mozilla/5.0 (Macintosh; Intel Mac OS X 10_15_6) AppleWebKit/605.1.15 (KHTML, like Gecko) Version/14.0.3 Safari/605.1.15"
 - - [20/Feb/2021:20:16:14 +0000] "GET / HTTP/1.1" 301 178 "https://t.co/aSMavOrYBf?amp=1" "Mozilla/5.0 (Macintosh; Intel Mac OS X 10_15_7) AppleWebKit/605.1.15 (KHTML, like Gecko) Version/14.0.2 Safari/605.1.15"
 - - [20/Feb/2021:20:16:14 +0000] "GET / HTTP/1.1" 301 178 "https://t.co/aSMavOrYBf?amp=1" "Mozilla/5.0 (Macintosh; Intel Mac OS X 10_15_7) AppleWebKit/605.1.15 (KHTML, like Gecko) Version/14.0.2 Safari/605.1.15"
 - - [20/Feb/2021:20:16:20 +0000] "GET /admin?login=superrootplague&pass=god HTTP/1.1" 200 7 "https://dream.ilovefrontend.ru/admin" "Mozilla/5.0 (Macintosh; Intel Mac OS X 10_15_6) AppleWebKit/605.1.15 (KHTML, like Gecko) Version/14.0.3 Safari/605.1.15"
 - - [20/Feb/2021:20:21:33 +0000] "GET / HTTP/1.1" 301 178 "-" "Mozilla/5.0 (Windows NT 10.0; Win64; x64) AppleWebKit/537.36 (KHTML, like Gecko) Chrome/88.0.4324.150 Safari/537.36"
 - - [20/Feb/2021:20:21:34 +0000] "GET / HTTP/1.1" 401 590 "http://doan.ilovefrontend.ru" "Mozilla/5.0 (Windows NT 10.0; Win64; x64) AppleWebKit/537.36 (KHTML, like Gecko) Chrome/88.0.4324.150 Safari/537.36"
 - - [20/Feb/2021:20:21:44 +0000] "GET / HTTP/1.1" 301 178 "-" "Mozilla/5.0 (Windows NT 10.0; Win64; x64) AppleWebKit/537.36 (KHTML, like Gecko) Chrome/88.0.4324.150 Safari/537.36"
 - - [20/Feb/2021:20:21:44 +0000] "GET / HTTP/1.1" 401 590 "http://dream.ilovefrontend.ru" "Mozilla/5.0 (Windows NT 10.0; Win64; x64) AppleWebKit/537.36 (KHTML, like Gecko) Chrome/88.0.4324.150 Safari/537.36"
 - - [20/Feb/2021:20:21:49 +0000] "GET / HTTP/1.1" 301 178 "-" "Mozilla/5.0 (Windows NT 10.0; Win64; x64) AppleWebKit/537.36 (KHTML, like Gecko) Chrome/88.0.4324.150 Safari/537.36"
 - - [20/Feb/2021:20:27:46 +0000] "GET / HTTP/1.1" 301 178 "https://t.co/aSMavOrYBf" "Mozilla/5.0 (Linux; Android 11; SM-G780F) AppleWebKit/537.36 (KHTML, like Gecko) Chrome/88.0.4324.181 Mobile Safari/537.36"
 - - [20/Feb/2021:20:27:46 +0000] "GET / HTTP/1.1" 301 178 "https://t.co/aSMavOrYBf" "Mozilla/5.0 (Linux; Android 11; SM-G780F) AppleWebKit/537.36 (KHTML, like Gecko) Chrome/88.0.4324.181 Mobile Safari/537.36"
 - - [20/Feb/2021:20:27:55 +0000] "GET /bXltZWdhc3VwZXJwYXNz HTTP/1.1" 200 293 "-" "Mozilla/5.0 (Macintosh; Intel Mac OS X 10_15_4) AppleWebKit/537.36 (KHTML, like Gecko) Chrome/88.0.4324.150 Safari/537.36"
 - - [20/Feb/2021:20:28:17 +0000] "GET / HTTP/1.1" 301 178 "https://t.co/aSMavOrYBf?amp=1" "Mozilla/5.0 (Macintosh; Intel Mac OS X 10_15_6) AppleWebKit/605.1.15 (KHTML, like Gecko) Version/14.0.3 Safari/605.1.15"
 - - [20/Feb/2021:20:28:17 +0000] "GET / HTTP/1.1" 301 178 "https://t.co/aSMavOrYBf?amp=1" "Mozilla/5.0 (Macintosh; Intel Mac OS X 10_15_6) AppleWebKit/605.1.15 (KHTML, like Gecko) Version/14.0.3 Safari/605.1.15"
 - - [20/Feb/2021:20:28:05 +0000] "GET / HTTP/1.1" 301 178 "https://t.co/aSMavOrYBf?amp=1" "Mozilla/5.0 (Macintosh; Intel Mac OS X 11_1_0) AppleWebKit/537.36 (KHTML, like Gecko) Chrome/88.0.4324.150 Safari/537.36"
 - - [20/Feb/2021:20:29:06 +0000] "GET / HTTP/1.1" 301 178 "https://t.co/aSMavOrYBf?amp=1" "Mozilla/5.0 (Macintosh; Intel Mac OS X 11_1_0) AppleWebKit/537.36 (KHTML, like Gecko) Chrome/88.0.4324.150 Safari/537.36"
 - - [20/Feb/2021:20:29:33 +0000] "GET / HTTP/1.1" 301 178 "-" "Mozilla/5.0 (Windows NT 10.0; Win64; x64) AppleWebKit/537.36 (KHTML, like Gecko) Chrome/88.0.4324.150 Safari/537.36"
 - - [20/Feb/2021:20:29:44 +0000] "GET / HTTP/1.1" 301 178 "-" "Mozilla/5.0 (Windows NT 10.0; Win64; x64) AppleWebKit/537.36 (KHTML, like Gecko) Chrome/88.0.4324.150 Safari/537.36"
 - - [20/Feb/2021:20:34:39 +0000] "GET / HTTP/1.1" 301 178 "https://t.co/aSMavOrYBf?amp=1" "Mozilla/5.0 (iPhone; CPU iPhone OS 14_4 like Mac OS X) AppleWebKit/605.1.15 (KHTML, like Gecko) Version/14.0.3 Mobile/15E148 Safari/604.1"
 - - [20/Feb/2021:20:34:39 +0000] "GET / HTTP/1.1" 301 178 "https://t.co/aSMavOrYBf?amp=1" "Mozilla/5.0 (iPhone; CPU iPhone OS 14_4 like Mac OS X) AppleWebKit/605.1.15 (KHTML, like Gecko) Version/14.0.3 Mobile/15E148 Safari/604.1"
 - - [20/Feb/2021:20:35:42 +0000] "GET / HTTP/1.1" 301 178 "-" "Mozilla/5.0 (Windows NT 10.0; Win64; x64) AppleWebKit/537.36 (KHTML, like Gecko) Chrome/88.0.4324.150 Safari/537.36"
 - - [20/Feb/2021:20:35:58 +0000] "GET / HTTP/1.1" 301 178 "-" "Mozilla/5.0 (iPhone; CPU iPhone OS 14_4 like Mac OS X) AppleWebKit/605.1.15 (KHTML, like Gecko) Version/14.0.3 Mobile/15E148 Safari/604.1"
 - - [20/Feb/2021:20:35:58 +0000] "GET / HTTP/1.1" 301 178 "-" "Mozilla/5.0 (iPhone; CPU iPhone OS 14_4 like Mac OS X) AppleWebKit/605.1.15 (KHTML, like Gecko) Version/14.0.3 Mobile/15E148 Safari/604.1"
